2025-08-25 22:50:32 - BUY_BOT - Starting purchase attempt for TCIN 92800127 at $0.00
2025-08-25 22:50:32 - BUY_BOT - No saved session found at ..\existing\target_storage.json
2025-08-27 19:10:36,125 - INFO - Starting purchase: 94681770 - $31.99 (max: $32.00)
2025-08-27 19:10:48,637 - ERROR - Could not add to cart: Page.wait_for_selector: Timeout 5000ms exceeded.
Call log:
  - waiting for locator("button[id^=\"addToCartButtonOrTextIdFor\"]") to be visible

2025-08-28 15:51:34,450 - INFO - Starting purchase: 94724987 - $69.99 (max: $70.00)
2025-08-28 15:51:34,465 - INFO - Starting purchase: 94681770 - $31.99 (max: $32.00)
2025-08-28 15:51:50,777 - ERROR - Purchase attempt failed: Page.goto: Timeout 15000ms exceeded.
Call log:
  - navigating to "https://www.target.com/p/-/A-94724987", waiting until "domcontentloaded"

2025-08-28 15:51:57,775 - ERROR - Could not add to cart: ElementHandle.click: Timeout 15000ms exceeded.
Call log:
  - attempting click action
    2 Ã— waiting for element to be visible, enabled and stable
      - element is not enabled
    - retrying click action
    - waiting 20ms
    2 Ã— waiting for element to be visible, enabled and stable
      - element is not enabled
    - retrying click action
      - waiting 100ms
    28 Ã— waiting for element to be visible, enabled and stable
       - element is not enabled
     - retrying click action
       - waiting 500ms

2025-08-28 16:08:01,660 - INFO - Starting purchase: 94681770 - $31.99 (max: $32.00)
2025-08-28 16:08:23,813 - ERROR - Could not add to cart: ElementHandle.click: Timeout 15000ms exceeded.
Call log:
  - attempting click action
    2 Ã— waiting for element to be visible, enabled and stable
      - element is not enabled
    - retrying click action
    - waiting 20ms
    2 Ã— waiting for element to be visible, enabled and stable
      - element is not enabled
    - retrying click action
      - waiting 100ms
    28 Ã— waiting for element to be visible, enabled and stable
       - element is not enabled
     - retrying click action
       - waiting 500ms

2025-08-28 16:22:42,360 - INFO - Starting purchase: 94681770 - $31.99 (max: $32.00)
2025-08-28 16:22:42,374 - INFO - Starting purchase: 94724987 - $69.99 (max: $70.00)
2025-08-28 16:23:10,777 - ERROR - Could not add to cart: ElementHandle.click: Timeout 15000ms exceeded.
Call log:
  - attempting click action
    2 Ã— waiting for element to be visible, enabled and stable
      - element is not enabled
    - retrying click action
    - waiting 20ms
    2 Ã— waiting for element to be visible, enabled and stable
      - element is not enabled
    - retrying click action
      - waiting 100ms
    21 Ã— waiting for element to be visible, enabled and stable
       - element is not enabled
     - retrying click action
       - waiting 500ms
    - waiting for element to be visible, enabled and stable

2025-08-28 16:23:11,785 - ERROR - Could not add to cart: ElementHandle.click: Timeout 15000ms exceeded.
Call log:
  - attempting click action
    2 Ã— waiting for element to be visible, enabled and stable
      - element is not enabled
    - retrying click action
    - waiting 20ms
    2 Ã— waiting for element to be visible, enabled and stable
      - element is not enabled
    - retrying click action
      - waiting 100ms
    23 Ã— waiting for element to be visible, enabled and stable
       - element is not enabled
     - retrying click action
       - waiting 500ms

2025-08-28 18:52:36,322 - INFO - Starting purchase: 94681770 - $31.99 (max: $32.00)
2025-08-28 18:52:36,332 - INFO - Starting purchase: 94724987 - $69.99 (max: $70.00)
2025-08-28 18:52:56,473 - ERROR - Could not add to cart: ElementHandle.click: Timeout 15000ms exceeded.
Call log:
  - attempting click action
    2 × waiting for element to be visible, enabled and stable
      - element is not enabled
    - retrying click action
    - waiting 20ms
    2 × waiting for element to be visible, enabled and stable
      - element is not enabled
    - retrying click action
      - waiting 100ms
    28 × waiting for element to be visible, enabled and stable
       - element is not enabled
     - retrying click action
       - waiting 500ms

2025-08-28 18:52:56,659 - ERROR - Could not add to cart: ElementHandle.click: Timeout 15000ms exceeded.
Call log:
  - attempting click action
    2 × waiting for element to be visible, enabled and stable
      - element is not enabled
    - retrying click action
    - waiting 20ms
    2 × waiting for element to be visible, enabled and stable
      - element is not enabled
    - retrying click action
      - waiting 100ms
    28 × waiting for element to be visible, enabled and stable
       - element is not enabled
     - retrying click action
       - waiting 500ms

2025-08-28 19:00:07,777 - INFO - Starting purchase: 94724987 - $69.99 (max: $70.00)
2025-08-28 19:00:07,787 - INFO - Starting purchase: 94681770 - $31.99 (max: $32.00)
2025-08-28 19:00:19,396 - ERROR - Could not add to cart: Page.wait_for_selector: Timeout 5000ms exceeded.
Call log:
  - waiting for locator("button[id^=\"addToCartButtonOrTextIdFor\"]") to be visible

2025-08-28 19:00:19,519 - ERROR - Could not add to cart: Page.wait_for_selector: Timeout 5000ms exceeded.
Call log:
  - waiting for locator("button[id^=\"addToCartButtonOrTextIdFor\"]") to be visible

2025-08-31 18:38:43,420 - INFO - Starting purchase: 89542109 - $35.00 (max: $15.00)
2025-08-31 18:38:43,420 - WARNING - Price too high: $35.00 > $15.00
2025-08-31 18:41:59,914 - INFO - Starting purchase: 89542109 - $35.00 (max: $15.00)
2025-08-31 18:41:59,915 - WARNING - Price too high: $35.00 > $15.00
2025-09-02 11:15:23,721 - INFO - Starting purchase: 89542109 - $14.99 (max: $15.00)
2025-09-02 11:15:37,535 - ERROR - Could not add to cart: Page.wait_for_selector: Timeout 5000ms exceeded.
Call log:
  - waiting for locator("button[id^=\"addToCartButtonOrTextIdFor\"]") to be visible

